{
  "RSpec": {
    "coverage": {
      "/Users/mekari/Documents/kodingan/interview/coba/colearn/app/helpers/application_helper.rb": {
        "lines": [
          null,
          null,
          null,
          1,
          null
        ]
      },
      "/Users/mekari/Documents/kodingan/interview/coba/colearn/app/helpers/game_helper.rb": {
        "lines": [
          null,
          null,
          null,
          1,
          1,
          8,
          null,
          null,
          1,
          35,
          null,
          35,
          null,
          35,
          null,
          14,
          null,
          null,
          1,
          4,
          4,
          4,
          35,
          null,
          null,
          1,
          5,
          null,
          null,
          null,
          null,
          1,
          4,
          null,
          null,
          1,
          4,
          4,
          null,
          null,
          1,
          4,
          null,
          null,
          1,
          4,
          4,
          null,
          null,
          1,
          44,
          null,
          null,
          1,
          7,
          null,
          null,
          1,
          4,
          null,
          null,
          1,
          2,
          null,
          null,
          null,
          null,
          1,
          4,
          10,
          null,
          null,
          null,
          null,
          null,
          1,
          3,
          9,
          null,
          null,
          null,
          null,
          null,
          1,
          3,
          null,
          null,
          1,
          3,
          3,
          null,
          6,
          null,
          null,
          1,
          3,
          3,
          null,
          7,
          null,
          null
        ]
      },
      "/Users/mekari/Documents/kodingan/interview/coba/colearn/app/controllers/application_controller.rb": {
        "lines": [
          null,
          null,
          null,
          1,
          1,
          null,
          1,
          2,
          null,
          null
        ]
      },
      "/Users/mekari/Documents/kodingan/interview/coba/colearn/spec/controllers/game_controller_spec.rb": {
        "lines": [
          null,
          null,
          1,
          null,
          1,
          7,
          null,
          1,
          1,
          1,
          1,
          1,
          1,
          1,
          1,
          1,
          null,
          null,
          null,
          1,
          1,
          1,
          null,
          null,
          1,
          1,
          1,
          1,
          null,
          null,
          null,
          1,
          1,
          1,
          null,
          null,
          1,
          1,
          1,
          1,
          null,
          null,
          null,
          1,
          1,
          1,
          null,
          null,
          1,
          1,
          1,
          1,
          null,
          null,
          null,
          1,
          1,
          1,
          1,
          null,
          null,
          1,
          1,
          1,
          null,
          null,
          1,
          1,
          1,
          null,
          null,
          1,
          1,
          1,
          null,
          null,
          null,
          null,
          1,
          1,
          1,
          1,
          null,
          null,
          1,
          1,
          1,
          1,
          1,
          1,
          1,
          1,
          null,
          null,
          null,
          1,
          1,
          5,
          5,
          null,
          null,
          1,
          1,
          1,
          1,
          null,
          1,
          null,
          null,
          null,
          1,
          1,
          1,
          1,
          null,
          null,
          1,
          1,
          1,
          1,
          null,
          null,
          null,
          1,
          1,
          1,
          1,
          1,
          null,
          null,
          1,
          1,
          1,
          null,
          null,
          null,
          1,
          1,
          1,
          1,
          1,
          null,
          null,
          1,
          1,
          1,
          null,
          null,
          null,
          1,
          1,
          1,
          1,
          1,
          null,
          null,
          null,
          null,
          1,
          1,
          1,
          1,
          1,
          null,
          null,
          null
        ]
      },
      "/Users/mekari/Documents/kodingan/interview/coba/colearn/app/controllers/games_controller.rb": {
        "lines": [
          null,
          null,
          null,
          1,
          1,
          null,
          1,
          null,
          1,
          8,
          4,
          4,
          null,
          4,
          null,
          null,
          null,
          1,
          5,
          1,
          null,
          4,
          4,
          null,
          null,
          5,
          null,
          null,
          1,
          1,
          1,
          null,
          null,
          1,
          null,
          1,
          8,
          1,
          1,
          null,
          null,
          7,
          1,
          1,
          null,
          null,
          6,
          null,
          null,
          1,
          6,
          1,
          1,
          null,
          null,
          5,
          1,
          1,
          null,
          null,
          4,
          null,
          null,
          1,
          7,
          null,
          null
        ]
      }
    },
    "timestamp": 1709557138
  }
}
